


LOGGING TO:  /home/harvey/Documents/cs285/homework_fall2022/hw3/cs285/scripts/../../data/q2_doubledqn_4_LunarLander-v3_11-10-2022_11-17-36 



########################
logging outputs to  /home/harvey/Documents/cs285/homework_fall2022/hw3/cs285/scripts/../../data/q2_doubledqn_4_LunarLander-v3_11-10-2022_11-17-36
########################
Using GPU id 0


********** Iteration 0 ************

Training agent...

Beginning logging procedure...
Timestep 1
mean reward (100 episodes) nan
best mean reward -inf
running time 0.000519
Train_EnvstepsSoFar : 1
TimeSinceStart : 0.000518798828125
Done logging...




********** Iteration 1000 ************

Training agent...


********** Iteration 2000 ************

Training agent...


********** Iteration 3000 ************

Training agent...


********** Iteration 4000 ************

Training agent...


********** Iteration 5000 ************

Training agent...


********** Iteration 6000 ************

Training agent...


********** Iteration 7000 ************

Training agent...


********** Iteration 8000 ************

Training agent...


********** Iteration 9000 ************

Training agent...


********** Iteration 10000 ************

Training agent...

Beginning logging procedure...
Timestep 10001
mean reward (100 episodes) -223.689850
best mean reward -inf
running time 26.988224
Train_EnvstepsSoFar : 10001
Train_AverageReturn : -223.68984985351562
TimeSinceStart : 26.988224267959595
Training Loss : 0.27499639987945557
Done logging...




********** Iteration 11000 ************

Training agent...


********** Iteration 12000 ************

Training agent...


********** Iteration 13000 ************

Training agent...


********** Iteration 14000 ************

Training agent...


********** Iteration 15000 ************

Training agent...


********** Iteration 16000 ************

Training agent...


********** Iteration 17000 ************

Training agent...


********** Iteration 18000 ************

Training agent...


********** Iteration 19000 ************

Training agent...


********** Iteration 20000 ************

Training agent...

Beginning logging procedure...
Timestep 20001
mean reward (100 episodes) -193.875977
best mean reward -193.875977
running time 59.048418
Train_EnvstepsSoFar : 20001
Train_AverageReturn : -193.8759765625
Train_BestReturn : -193.8759765625
TimeSinceStart : 59.04841756820679
Training Loss : 1.3650285005569458
Done logging...




********** Iteration 21000 ************

Training agent...


********** Iteration 22000 ************

Training agent...


********** Iteration 23000 ************

Training agent...


********** Iteration 24000 ************

Training agent...


********** Iteration 25000 ************

Training agent...


********** Iteration 26000 ************

Training agent...


********** Iteration 27000 ************

Training agent...


********** Iteration 28000 ************

Training agent...


********** Iteration 29000 ************

Training agent...


********** Iteration 30000 ************

Training agent...

Beginning logging procedure...
Timestep 30001
mean reward (100 episodes) -165.733383
best mean reward -165.733383
running time 99.860087
Train_EnvstepsSoFar : 30001
Train_AverageReturn : -165.73338317871094
Train_BestReturn : -165.73338317871094
TimeSinceStart : 99.86008739471436
Training Loss : 1.268519639968872
Done logging...




********** Iteration 31000 ************

Training agent...


********** Iteration 32000 ************

Training agent...


********** Iteration 33000 ************

Training agent...


********** Iteration 34000 ************

Training agent...


********** Iteration 35000 ************

Training agent...


********** Iteration 36000 ************

Training agent...


********** Iteration 37000 ************

Training agent...


********** Iteration 38000 ************

Training agent...


********** Iteration 39000 ************

Training agent...


********** Iteration 40000 ************

Training agent...

Beginning logging procedure...
Timestep 40001
mean reward (100 episodes) -150.905701
best mean reward -150.905701
running time 142.337166
Train_EnvstepsSoFar : 40001
Train_AverageReturn : -150.90570068359375
Train_BestReturn : -150.90570068359375
TimeSinceStart : 142.33716583251953
Training Loss : 0.6258749961853027
Done logging...




********** Iteration 41000 ************

Training agent...


********** Iteration 42000 ************

Training agent...


********** Iteration 43000 ************

Training agent...


********** Iteration 44000 ************

Training agent...


********** Iteration 45000 ************

Training agent...


********** Iteration 46000 ************

Training agent...


********** Iteration 47000 ************

Training agent...


********** Iteration 48000 ************

Training agent...


********** Iteration 49000 ************

Training agent...


********** Iteration 50000 ************

Training agent...

Beginning logging procedure...
Timestep 50001
mean reward (100 episodes) -136.758835
best mean reward -136.758835
running time 184.000229
Train_EnvstepsSoFar : 50001
Train_AverageReturn : -136.7588348388672
Train_BestReturn : -136.7588348388672
TimeSinceStart : 184.0002293586731
Training Loss : 0.3116590678691864
Done logging...




********** Iteration 51000 ************

Training agent...


********** Iteration 52000 ************

Training agent...


********** Iteration 53000 ************

Training agent...


********** Iteration 54000 ************

Training agent...


********** Iteration 55000 ************

Training agent...


********** Iteration 56000 ************

Training agent...


********** Iteration 57000 ************

Training agent...


********** Iteration 58000 ************

Training agent...


********** Iteration 59000 ************

Training agent...


********** Iteration 60000 ************

Training agent...

Beginning logging procedure...
Timestep 60001
mean reward (100 episodes) -126.045555
best mean reward -126.045555
running time 227.251538
Train_EnvstepsSoFar : 60001
Train_AverageReturn : -126.0455551147461
Train_BestReturn : -126.0455551147461
TimeSinceStart : 227.2515377998352
Training Loss : 0.8854227066040039
Done logging...




********** Iteration 61000 ************

Training agent...


********** Iteration 62000 ************

Training agent...


********** Iteration 63000 ************

Training agent...


********** Iteration 64000 ************

Training agent...


********** Iteration 65000 ************

Training agent...


********** Iteration 66000 ************

Training agent...


********** Iteration 67000 ************

Training agent...


********** Iteration 68000 ************

Training agent...


********** Iteration 69000 ************

Training agent...


********** Iteration 70000 ************

Training agent...

Beginning logging procedure...
Timestep 70001
mean reward (100 episodes) -113.635521
best mean reward -113.635521
running time 269.681150
Train_EnvstepsSoFar : 70001
Train_AverageReturn : -113.6355209350586
Train_BestReturn : -113.6355209350586
TimeSinceStart : 269.68114972114563
Training Loss : 0.3429147005081177
Done logging...




********** Iteration 71000 ************

Training agent...


********** Iteration 72000 ************

Training agent...


********** Iteration 73000 ************

Training agent...


********** Iteration 74000 ************

Training agent...


********** Iteration 75000 ************

Training agent...


********** Iteration 76000 ************

Training agent...


********** Iteration 77000 ************

Training agent...


********** Iteration 78000 ************

Training agent...


********** Iteration 79000 ************

Training agent...


********** Iteration 80000 ************

Training agent...

Beginning logging procedure...
Timestep 80001
mean reward (100 episodes) -96.652718
best mean reward -96.652718
running time 313.417719
Train_EnvstepsSoFar : 80001
Train_AverageReturn : -96.65271759033203
Train_BestReturn : -96.65271759033203
TimeSinceStart : 313.4177191257477
Training Loss : 0.24643373489379883
Done logging...




********** Iteration 81000 ************

Training agent...


********** Iteration 82000 ************

Training agent...


********** Iteration 83000 ************

Training agent...


********** Iteration 84000 ************

Training agent...


********** Iteration 85000 ************

Training agent...


********** Iteration 86000 ************

Training agent...


********** Iteration 87000 ************

Training agent...


********** Iteration 88000 ************

Training agent...


********** Iteration 89000 ************

Training agent...


********** Iteration 90000 ************

Training agent...

Beginning logging procedure...
Timestep 90001
mean reward (100 episodes) -85.064865
best mean reward -85.064865
running time 359.750515
Train_EnvstepsSoFar : 90001
Train_AverageReturn : -85.06486511230469
Train_BestReturn : -85.06486511230469
TimeSinceStart : 359.75051522254944
Training Loss : 0.356024831533432
Done logging...




********** Iteration 91000 ************

Training agent...


********** Iteration 92000 ************

Training agent...


********** Iteration 93000 ************

Training agent...


********** Iteration 94000 ************

Training agent...


********** Iteration 95000 ************

Training agent...


********** Iteration 96000 ************

Training agent...


********** Iteration 97000 ************

Training agent...


********** Iteration 98000 ************

Training agent...


********** Iteration 99000 ************

Training agent...


********** Iteration 100000 ************

Training agent...

Beginning logging procedure...
Timestep 100001
mean reward (100 episodes) -63.398148
best mean reward -63.398148
running time 403.567465
Train_EnvstepsSoFar : 100001
Train_AverageReturn : -63.39814758300781
Train_BestReturn : -63.39814758300781
TimeSinceStart : 403.56746530532837
Training Loss : 0.2844439148902893
Done logging...




********** Iteration 101000 ************

Training agent...


********** Iteration 102000 ************

Training agent...


********** Iteration 103000 ************

Training agent...


********** Iteration 104000 ************

Training agent...


********** Iteration 105000 ************

Training agent...


********** Iteration 106000 ************

Training agent...


********** Iteration 107000 ************

Training agent...


********** Iteration 108000 ************

Training agent...


********** Iteration 109000 ************

Training agent...


********** Iteration 110000 ************

Training agent...

Beginning logging procedure...
Timestep 110001
mean reward (100 episodes) -36.526756
best mean reward -36.526756
running time 448.046945
Train_EnvstepsSoFar : 110001
Train_AverageReturn : -36.526756286621094
Train_BestReturn : -36.526756286621094
TimeSinceStart : 448.0469448566437
Training Loss : 0.20356199145317078
Done logging...




********** Iteration 111000 ************

Training agent...


********** Iteration 112000 ************

Training agent...


********** Iteration 113000 ************

Training agent...


********** Iteration 114000 ************

Training agent...


********** Iteration 115000 ************

Training agent...


********** Iteration 116000 ************

Training agent...


********** Iteration 117000 ************

Training agent...


********** Iteration 118000 ************

Training agent...


********** Iteration 119000 ************

Training agent...


********** Iteration 120000 ************

Training agent...

Beginning logging procedure...
Timestep 120001
mean reward (100 episodes) -12.641583
best mean reward -12.641583
running time 492.561543
Train_EnvstepsSoFar : 120001
Train_AverageReturn : -12.641583442687988
Train_BestReturn : -12.641583442687988
TimeSinceStart : 492.5615425109863
Training Loss : 0.3890371322631836
Done logging...




********** Iteration 121000 ************

Training agent...


********** Iteration 122000 ************

Training agent...


********** Iteration 123000 ************

Training agent...


********** Iteration 124000 ************

Training agent...


********** Iteration 125000 ************

Training agent...


********** Iteration 126000 ************

Training agent...


********** Iteration 127000 ************

Training agent...


********** Iteration 128000 ************

Training agent...


********** Iteration 129000 ************

Training agent...


********** Iteration 130000 ************

Training agent...

Beginning logging procedure...
Timestep 130001
mean reward (100 episodes) 18.400902
best mean reward 18.400902
running time 536.221710
Train_EnvstepsSoFar : 130001
Train_AverageReturn : 18.400901794433594
Train_BestReturn : 18.400901794433594
TimeSinceStart : 536.2217104434967
Training Loss : 0.15405234694480896
Done logging...




********** Iteration 131000 ************

Training agent...


********** Iteration 132000 ************

Training agent...


********** Iteration 133000 ************

Training agent...


********** Iteration 134000 ************

Training agent...


********** Iteration 135000 ************

Training agent...


********** Iteration 136000 ************

Training agent...


********** Iteration 137000 ************

Training agent...


********** Iteration 138000 ************

Training agent...


********** Iteration 139000 ************

Training agent...


********** Iteration 140000 ************

Training agent...

Beginning logging procedure...
Timestep 140001
mean reward (100 episodes) 34.642349
best mean reward 34.642349
running time 581.190052
Train_EnvstepsSoFar : 140001
Train_AverageReturn : 34.64234924316406
Train_BestReturn : 34.64234924316406
TimeSinceStart : 581.1900522708893
Training Loss : 2.837899923324585
Done logging...




********** Iteration 141000 ************

Training agent...


********** Iteration 142000 ************

Training agent...


********** Iteration 143000 ************

Training agent...


********** Iteration 144000 ************

Training agent...


********** Iteration 145000 ************

Training agent...


********** Iteration 146000 ************

Training agent...


********** Iteration 147000 ************

Training agent...


********** Iteration 148000 ************

Training agent...


********** Iteration 149000 ************

Training agent...


********** Iteration 150000 ************

Training agent...

Beginning logging procedure...
Timestep 150001
mean reward (100 episodes) 44.359795
best mean reward 44.359795
running time 625.976841
Train_EnvstepsSoFar : 150001
Train_AverageReturn : 44.35979461669922
Train_BestReturn : 44.35979461669922
TimeSinceStart : 625.9768409729004
Training Loss : 0.13929395377635956
Done logging...




********** Iteration 151000 ************

Training agent...


********** Iteration 152000 ************

Training agent...


********** Iteration 153000 ************

Training agent...


********** Iteration 154000 ************

Training agent...


********** Iteration 155000 ************

Training agent...


********** Iteration 156000 ************

Training agent...


********** Iteration 157000 ************

Training agent...


********** Iteration 158000 ************

Training agent...


********** Iteration 159000 ************

Training agent...


********** Iteration 160000 ************

Training agent...

Beginning logging procedure...
Timestep 160001
mean reward (100 episodes) 62.869301
best mean reward 62.869301
running time 666.360453
Train_EnvstepsSoFar : 160001
Train_AverageReturn : 62.869300842285156
Train_BestReturn : 62.869300842285156
TimeSinceStart : 666.3604526519775
Training Loss : 0.900870680809021
Done logging...




********** Iteration 161000 ************

Training agent...


********** Iteration 162000 ************

Training agent...


********** Iteration 163000 ************

Training agent...


********** Iteration 164000 ************

Training agent...


********** Iteration 165000 ************

Training agent...


********** Iteration 166000 ************

Training agent...


********** Iteration 167000 ************

Training agent...


********** Iteration 168000 ************

Training agent...


********** Iteration 169000 ************

Training agent...


********** Iteration 170000 ************

Training agent...

Beginning logging procedure...
Timestep 170001
mean reward (100 episodes) 76.372063
best mean reward 76.372063
running time 706.804227
Train_EnvstepsSoFar : 170001
Train_AverageReturn : 76.37206268310547
Train_BestReturn : 76.37206268310547
TimeSinceStart : 706.8042273521423
Training Loss : 0.03654796630144119
Done logging...




********** Iteration 171000 ************

Training agent...


********** Iteration 172000 ************

Training agent...


********** Iteration 173000 ************

Training agent...


********** Iteration 174000 ************

Training agent...


********** Iteration 175000 ************

Training agent...


********** Iteration 176000 ************

Training agent...


********** Iteration 177000 ************

Training agent...


********** Iteration 178000 ************

Training agent...


********** Iteration 179000 ************

Training agent...


********** Iteration 180000 ************

Training agent...

Beginning logging procedure...
Timestep 180001
mean reward (100 episodes) 88.588715
best mean reward 88.588715
running time 748.545000
Train_EnvstepsSoFar : 180001
Train_AverageReturn : 88.58871459960938
Train_BestReturn : 88.58871459960938
TimeSinceStart : 748.5450003147125
Training Loss : 0.3063476085662842
Done logging...




********** Iteration 181000 ************

Training agent...


********** Iteration 182000 ************

Training agent...


********** Iteration 183000 ************

Training agent...


********** Iteration 184000 ************

Training agent...


********** Iteration 185000 ************

Training agent...


********** Iteration 186000 ************

Training agent...


********** Iteration 187000 ************

Training agent...


********** Iteration 188000 ************

Training agent...


********** Iteration 189000 ************

Training agent...


********** Iteration 190000 ************

Training agent...

Beginning logging procedure...
Timestep 190001
mean reward (100 episodes) 100.073776
best mean reward 100.073776
running time 790.821093
Train_EnvstepsSoFar : 190001
Train_AverageReturn : 100.07377624511719
Train_BestReturn : 100.07377624511719
TimeSinceStart : 790.8210926055908
Training Loss : 0.1874477118253708
Done logging...




********** Iteration 191000 ************

Training agent...


********** Iteration 192000 ************

Training agent...


********** Iteration 193000 ************

Training agent...


********** Iteration 194000 ************

Training agent...


********** Iteration 195000 ************

Training agent...


********** Iteration 196000 ************

Training agent...


********** Iteration 197000 ************

Training agent...


********** Iteration 198000 ************

Training agent...


********** Iteration 199000 ************

Training agent...


********** Iteration 200000 ************

Training agent...

Beginning logging procedure...
Timestep 200001
mean reward (100 episodes) 96.990471
best mean reward 100.073776
running time 833.052572
Train_EnvstepsSoFar : 200001
Train_AverageReturn : 96.99047088623047
Train_BestReturn : 100.07377624511719
TimeSinceStart : 833.0525720119476
Training Loss : 0.6589846611022949
Done logging...




********** Iteration 201000 ************

Training agent...


********** Iteration 202000 ************

Training agent...


********** Iteration 203000 ************

Training agent...


********** Iteration 204000 ************

Training agent...


********** Iteration 205000 ************

Training agent...


********** Iteration 206000 ************

Training agent...


********** Iteration 207000 ************

Training agent...


********** Iteration 208000 ************

Training agent...


********** Iteration 209000 ************

Training agent...


********** Iteration 210000 ************

Training agent...

Beginning logging procedure...
Timestep 210001
mean reward (100 episodes) 89.878113
best mean reward 100.073776
running time 875.630678
Train_EnvstepsSoFar : 210001
Train_AverageReturn : 89.87811279296875
Train_BestReturn : 100.07377624511719
TimeSinceStart : 875.6306779384613
Training Loss : 1.1128902435302734
Done logging...




********** Iteration 211000 ************

Training agent...


********** Iteration 212000 ************

Training agent...


********** Iteration 213000 ************

Training agent...


********** Iteration 214000 ************

Training agent...


********** Iteration 215000 ************

Training agent...


********** Iteration 216000 ************

Training agent...


********** Iteration 217000 ************

Training agent...


********** Iteration 218000 ************

Training agent...


********** Iteration 219000 ************

Training agent...


********** Iteration 220000 ************

Training agent...

Beginning logging procedure...
Timestep 220001
mean reward (100 episodes) 86.537262
best mean reward 100.073776
running time 918.711534
Train_EnvstepsSoFar : 220001
Train_AverageReturn : 86.53726196289062
Train_BestReturn : 100.07377624511719
TimeSinceStart : 918.7115337848663
Training Loss : 3.9270455837249756
Done logging...




********** Iteration 221000 ************

Training agent...


********** Iteration 222000 ************

Training agent...


********** Iteration 223000 ************

Training agent...


********** Iteration 224000 ************

Training agent...


********** Iteration 225000 ************

Training agent...


********** Iteration 226000 ************

Training agent...


********** Iteration 227000 ************

Training agent...


********** Iteration 228000 ************

Training agent...


********** Iteration 229000 ************

Training agent...


********** Iteration 230000 ************

Training agent...

Beginning logging procedure...
Timestep 230001
mean reward (100 episodes) 77.957840
best mean reward 100.073776
running time 961.005701
Train_EnvstepsSoFar : 230001
Train_AverageReturn : 77.95783996582031
Train_BestReturn : 100.07377624511719
TimeSinceStart : 961.0057008266449
Training Loss : 2.6766457557678223
Done logging...




********** Iteration 231000 ************

Training agent...


********** Iteration 232000 ************

Training agent...


********** Iteration 233000 ************

Training agent...


********** Iteration 234000 ************

Training agent...


********** Iteration 235000 ************

Training agent...


********** Iteration 236000 ************

Training agent...


********** Iteration 237000 ************

Training agent...


********** Iteration 238000 ************

Training agent...


********** Iteration 239000 ************

Training agent...


********** Iteration 240000 ************

Training agent...

Beginning logging procedure...
Timestep 240001
mean reward (100 episodes) 84.385895
best mean reward 100.073776
running time 1001.548112
Train_EnvstepsSoFar : 240001
Train_AverageReturn : 84.38589477539062
Train_BestReturn : 100.07377624511719
TimeSinceStart : 1001.5481123924255
Training Loss : 1.6710723638534546
Done logging...




********** Iteration 241000 ************

Training agent...


********** Iteration 242000 ************

Training agent...


********** Iteration 243000 ************

Training agent...


********** Iteration 244000 ************

Training agent...


********** Iteration 245000 ************

Training agent...


********** Iteration 246000 ************

Training agent...


********** Iteration 247000 ************

Training agent...


********** Iteration 248000 ************

Training agent...


********** Iteration 249000 ************

Training agent...


********** Iteration 250000 ************

Training agent...

Beginning logging procedure...
Timestep 250001
mean reward (100 episodes) 92.098381
best mean reward 100.073776
running time 1043.305743
Train_EnvstepsSoFar : 250001
Train_AverageReturn : 92.09838104248047
Train_BestReturn : 100.07377624511719
TimeSinceStart : 1043.3057425022125
Training Loss : 5.306868553161621
Done logging...




********** Iteration 251000 ************

Training agent...


********** Iteration 252000 ************

Training agent...


********** Iteration 253000 ************

Training agent...


********** Iteration 254000 ************

Training agent...


********** Iteration 255000 ************

Training agent...


********** Iteration 256000 ************

Training agent...


********** Iteration 257000 ************

Training agent...


********** Iteration 258000 ************

Training agent...


********** Iteration 259000 ************

Training agent...


********** Iteration 260000 ************

Training agent...

Beginning logging procedure...
Timestep 260001
mean reward (100 episodes) 99.412392
best mean reward 100.073776
running time 1083.582967
Train_EnvstepsSoFar : 260001
Train_AverageReturn : 99.41239166259766
Train_BestReturn : 100.07377624511719
TimeSinceStart : 1083.5829672813416
Training Loss : 0.39358723163604736
Done logging...




********** Iteration 261000 ************

Training agent...


********** Iteration 262000 ************

Training agent...


********** Iteration 263000 ************

Training agent...


********** Iteration 264000 ************

Training agent...


********** Iteration 265000 ************

Training agent...


********** Iteration 266000 ************

Training agent...


********** Iteration 267000 ************

Training agent...


********** Iteration 268000 ************

Training agent...


********** Iteration 269000 ************

Training agent...


********** Iteration 270000 ************

Training agent...

Beginning logging procedure...
Timestep 270001
mean reward (100 episodes) 103.004951
best mean reward 103.004951
running time 1127.948649
Train_EnvstepsSoFar : 270001
Train_AverageReturn : 103.00495147705078
Train_BestReturn : 103.00495147705078
TimeSinceStart : 1127.9486491680145
Training Loss : 0.18866196274757385
Done logging...




********** Iteration 271000 ************

Training agent...


********** Iteration 272000 ************

Training agent...


********** Iteration 273000 ************

Training agent...


********** Iteration 274000 ************

Training agent...


********** Iteration 275000 ************

Training agent...


********** Iteration 276000 ************

Training agent...


********** Iteration 277000 ************

Training agent...


********** Iteration 278000 ************

Training agent...


********** Iteration 279000 ************

Training agent...


********** Iteration 280000 ************

Training agent...

Beginning logging procedure...
Timestep 280001
mean reward (100 episodes) 113.374451
best mean reward 113.374451
running time 1168.101009
Train_EnvstepsSoFar : 280001
Train_AverageReturn : 113.37445068359375
Train_BestReturn : 113.37445068359375
TimeSinceStart : 1168.1010086536407
Training Loss : 0.7339876294136047
Done logging...




********** Iteration 281000 ************

Training agent...


********** Iteration 282000 ************

Training agent...


********** Iteration 283000 ************

Training agent...


********** Iteration 284000 ************

Training agent...


********** Iteration 285000 ************

Training agent...


********** Iteration 286000 ************

Training agent...


********** Iteration 287000 ************

Training agent...


********** Iteration 288000 ************

Training agent...


********** Iteration 289000 ************

Training agent...


********** Iteration 290000 ************

Training agent...

Beginning logging procedure...
Timestep 290001
mean reward (100 episodes) 115.241318
best mean reward 115.241318
running time 1212.376781
Train_EnvstepsSoFar : 290001
Train_AverageReturn : 115.24131774902344
Train_BestReturn : 115.24131774902344
TimeSinceStart : 1212.3767812252045
Training Loss : 1.3554754257202148
Done logging...




********** Iteration 291000 ************

Training agent...


********** Iteration 292000 ************

Training agent...


********** Iteration 293000 ************

Training agent...


********** Iteration 294000 ************

Training agent...


********** Iteration 295000 ************

Training agent...


********** Iteration 296000 ************

Training agent...


********** Iteration 297000 ************

Training agent...


********** Iteration 298000 ************

Training agent...


********** Iteration 299000 ************

Training agent...


********** Iteration 300000 ************

Training agent...

Beginning logging procedure...
Timestep 300001
mean reward (100 episodes) 127.251595
best mean reward 127.251595
running time 1251.894854
Train_EnvstepsSoFar : 300001
Train_AverageReturn : 127.25159454345703
Train_BestReturn : 127.25159454345703
TimeSinceStart : 1251.894853591919
Training Loss : 0.3236144483089447
Done logging...




********** Iteration 301000 ************

Training agent...


********** Iteration 302000 ************

Training agent...


********** Iteration 303000 ************

Training agent...


********** Iteration 304000 ************

Training agent...


********** Iteration 305000 ************

Training agent...


********** Iteration 306000 ************

Training agent...


********** Iteration 307000 ************

Training agent...


********** Iteration 308000 ************

Training agent...


********** Iteration 309000 ************

Training agent...


********** Iteration 310000 ************

Training agent...

Beginning logging procedure...
Timestep 310001
mean reward (100 episodes) 137.709076
best mean reward 137.709076
running time 1291.511091
Train_EnvstepsSoFar : 310001
Train_AverageReturn : 137.70907592773438
Train_BestReturn : 137.70907592773438
TimeSinceStart : 1291.5110914707184
Training Loss : 0.09296077489852905
Done logging...




********** Iteration 311000 ************

Training agent...


********** Iteration 312000 ************

Training agent...


********** Iteration 313000 ************

Training agent...


********** Iteration 314000 ************

Training agent...


********** Iteration 315000 ************

Training agent...


********** Iteration 316000 ************

Training agent...


********** Iteration 317000 ************

Training agent...


********** Iteration 318000 ************

Training agent...


********** Iteration 319000 ************

Training agent...


********** Iteration 320000 ************

Training agent...

Beginning logging procedure...
Timestep 320001
mean reward (100 episodes) 158.391220
best mean reward 158.391220
running time 1330.945931
Train_EnvstepsSoFar : 320001
Train_AverageReturn : 158.39122009277344
Train_BestReturn : 158.39122009277344
TimeSinceStart : 1330.9459307193756
Training Loss : 1.157059669494629
Done logging...




********** Iteration 321000 ************

Training agent...


********** Iteration 322000 ************

Training agent...


********** Iteration 323000 ************

Training agent...


********** Iteration 324000 ************

Training agent...


********** Iteration 325000 ************

Training agent...


********** Iteration 326000 ************

Training agent...


********** Iteration 327000 ************

Training agent...


********** Iteration 328000 ************

Training agent...


********** Iteration 329000 ************

Training agent...


********** Iteration 330000 ************

Training agent...

Beginning logging procedure...
Timestep 330001
mean reward (100 episodes) 163.332962
best mean reward 163.332962
running time 1368.839270
Train_EnvstepsSoFar : 330001
Train_AverageReturn : 163.3329620361328
Train_BestReturn : 163.3329620361328
TimeSinceStart : 1368.83926987648
Training Loss : 0.8202929496765137
Done logging...




********** Iteration 331000 ************

Training agent...


********** Iteration 332000 ************

Training agent...


********** Iteration 333000 ************

Training agent...


********** Iteration 334000 ************

Training agent...


********** Iteration 335000 ************

Training agent...


********** Iteration 336000 ************

Training agent...


********** Iteration 337000 ************

Training agent...


********** Iteration 338000 ************

Training agent...


********** Iteration 339000 ************

Training agent...


********** Iteration 340000 ************

Training agent...

Beginning logging procedure...
Timestep 340001
mean reward (100 episodes) 159.278915
best mean reward 163.332962
running time 1406.055062
Train_EnvstepsSoFar : 340001
Train_AverageReturn : 159.27891540527344
Train_BestReturn : 163.3329620361328
TimeSinceStart : 1406.0550615787506
Training Loss : 2.5130460262298584
Done logging...




********** Iteration 341000 ************

Training agent...


********** Iteration 342000 ************

Training agent...


********** Iteration 343000 ************

Training agent...


********** Iteration 344000 ************

Training agent...


********** Iteration 345000 ************

Training agent...


********** Iteration 346000 ************

Training agent...


********** Iteration 347000 ************

Training agent...


********** Iteration 348000 ************

Training agent...


********** Iteration 349000 ************

Training agent...


********** Iteration 350000 ************

Training agent...

Beginning logging procedure...
Timestep 350001
mean reward (100 episodes) 156.168335
best mean reward 163.332962
running time 1443.216447
Train_EnvstepsSoFar : 350001
Train_AverageReturn : 156.1683349609375
Train_BestReturn : 163.3329620361328
TimeSinceStart : 1443.2164466381073
Training Loss : 2.068892240524292
Done logging...




********** Iteration 351000 ************

Training agent...


********** Iteration 352000 ************

Training agent...


********** Iteration 353000 ************

Training agent...


********** Iteration 354000 ************

Training agent...


********** Iteration 355000 ************

Training agent...


********** Iteration 356000 ************

Training agent...


********** Iteration 357000 ************

Training agent...


********** Iteration 358000 ************

Training agent...


********** Iteration 359000 ************

Training agent...


********** Iteration 360000 ************

Training agent...

Beginning logging procedure...
Timestep 360001
mean reward (100 episodes) 142.623291
best mean reward 163.332962
running time 1480.362614
Train_EnvstepsSoFar : 360001
Train_AverageReturn : 142.623291015625
Train_BestReturn : 163.3329620361328
TimeSinceStart : 1480.3626143932343
Training Loss : 2.847538948059082
Done logging...




********** Iteration 361000 ************

Training agent...


********** Iteration 362000 ************

Training agent...


********** Iteration 363000 ************

Training agent...


********** Iteration 364000 ************

Training agent...


********** Iteration 365000 ************

Training agent...


********** Iteration 366000 ************

Training agent...


********** Iteration 367000 ************

Training agent...


********** Iteration 368000 ************

Training agent...


********** Iteration 369000 ************

Training agent...


********** Iteration 370000 ************

Training agent...

Beginning logging procedure...
Timestep 370001
mean reward (100 episodes) 133.338867
best mean reward 163.332962
running time 1517.131007
Train_EnvstepsSoFar : 370001
Train_AverageReturn : 133.3388671875
Train_BestReturn : 163.3329620361328
TimeSinceStart : 1517.1310074329376
Training Loss : 0.32494229078292847
Done logging...




********** Iteration 371000 ************

Training agent...


********** Iteration 372000 ************

Training agent...


********** Iteration 373000 ************

Training agent...


********** Iteration 374000 ************

Training agent...


********** Iteration 375000 ************

Training agent...


********** Iteration 376000 ************

Training agent...


********** Iteration 377000 ************

Training agent...


********** Iteration 378000 ************

Training agent...


********** Iteration 379000 ************

Training agent...


********** Iteration 380000 ************

Training agent...

Beginning logging procedure...
Timestep 380001
mean reward (100 episodes) 155.415649
best mean reward 163.332962
running time 1554.679630
Train_EnvstepsSoFar : 380001
Train_AverageReturn : 155.4156494140625
Train_BestReturn : 163.3329620361328
TimeSinceStart : 1554.6796300411224
Training Loss : 0.12571710348129272
Done logging...




********** Iteration 381000 ************

Training agent...


********** Iteration 382000 ************

Training agent...


********** Iteration 383000 ************

Training agent...


********** Iteration 384000 ************

Training agent...


********** Iteration 385000 ************

Training agent...


********** Iteration 386000 ************

Training agent...


********** Iteration 387000 ************

Training agent...


********** Iteration 388000 ************

Training agent...


********** Iteration 389000 ************

Training agent...


********** Iteration 390000 ************

Training agent...

Beginning logging procedure...
Timestep 390001
mean reward (100 episodes) 168.969284
best mean reward 168.969284
running time 1591.549651
Train_EnvstepsSoFar : 390001
Train_AverageReturn : 168.9692840576172
Train_BestReturn : 168.9692840576172
TimeSinceStart : 1591.5496513843536
Training Loss : 3.4464941024780273
Done logging...




********** Iteration 391000 ************

Training agent...


********** Iteration 392000 ************

Training agent...


********** Iteration 393000 ************

Training agent...


********** Iteration 394000 ************

Training agent...


********** Iteration 395000 ************

Training agent...


********** Iteration 396000 ************

Training agent...


********** Iteration 397000 ************

Training agent...


********** Iteration 398000 ************

Training agent...


********** Iteration 399000 ************

Training agent...


********** Iteration 400000 ************

Training agent...

Beginning logging procedure...
Timestep 400001
mean reward (100 episodes) 150.236481
best mean reward 168.969284
running time 1628.675863
Train_EnvstepsSoFar : 400001
Train_AverageReturn : 150.23648071289062
Train_BestReturn : 168.9692840576172
TimeSinceStart : 1628.6758630275726
Training Loss : 0.15118356049060822
Done logging...




********** Iteration 401000 ************

Training agent...


********** Iteration 402000 ************

Training agent...


********** Iteration 403000 ************

Training agent...


********** Iteration 404000 ************

Training agent...


********** Iteration 405000 ************

Training agent...


********** Iteration 406000 ************

Training agent...


********** Iteration 407000 ************

Training agent...


********** Iteration 408000 ************

Training agent...


********** Iteration 409000 ************

Training agent...


********** Iteration 410000 ************

Training agent...

Beginning logging procedure...
Timestep 410001
mean reward (100 episodes) 133.976089
best mean reward 168.969284
running time 1666.020031
Train_EnvstepsSoFar : 410001
Train_AverageReturn : 133.97608947753906
Train_BestReturn : 168.9692840576172
TimeSinceStart : 1666.020031452179
Training Loss : 0.13701704144477844
Done logging...




********** Iteration 411000 ************

Training agent...


********** Iteration 412000 ************

Training agent...


********** Iteration 413000 ************

Training agent...


********** Iteration 414000 ************

Training agent...


********** Iteration 415000 ************

Training agent...


********** Iteration 416000 ************

Training agent...


********** Iteration 417000 ************

Training agent...


********** Iteration 418000 ************

Training agent...


********** Iteration 419000 ************

Training agent...


********** Iteration 420000 ************

Training agent...

Beginning logging procedure...
Timestep 420001
mean reward (100 episodes) 145.187408
best mean reward 168.969284
running time 1703.098933
Train_EnvstepsSoFar : 420001
Train_AverageReturn : 145.18740844726562
Train_BestReturn : 168.9692840576172
TimeSinceStart : 1703.0989332199097
Training Loss : 0.253768652677536
Done logging...




********** Iteration 421000 ************

Training agent...


********** Iteration 422000 ************

Training agent...


********** Iteration 423000 ************

Training agent...


********** Iteration 424000 ************

Training agent...


********** Iteration 425000 ************

Training agent...


********** Iteration 426000 ************

Training agent...


********** Iteration 427000 ************

Training agent...


********** Iteration 428000 ************

Training agent...


********** Iteration 429000 ************

Training agent...


********** Iteration 430000 ************

Training agent...

Beginning logging procedure...
Timestep 430001
mean reward (100 episodes) 133.828125
best mean reward 168.969284
running time 1740.199911
Train_EnvstepsSoFar : 430001
Train_AverageReturn : 133.828125
Train_BestReturn : 168.9692840576172
TimeSinceStart : 1740.1999106407166
Training Loss : 0.6268625855445862
Done logging...




********** Iteration 431000 ************

Training agent...


********** Iteration 432000 ************

Training agent...


********** Iteration 433000 ************

Training agent...


********** Iteration 434000 ************

Training agent...


********** Iteration 435000 ************

Training agent...


********** Iteration 436000 ************

Training agent...


********** Iteration 437000 ************

Training agent...


********** Iteration 438000 ************

Training agent...


********** Iteration 439000 ************

Training agent...


********** Iteration 440000 ************

Training agent...

Beginning logging procedure...
Timestep 440001
mean reward (100 episodes) 114.106209
best mean reward 168.969284
running time 1777.139339
Train_EnvstepsSoFar : 440001
Train_AverageReturn : 114.10620880126953
Train_BestReturn : 168.9692840576172
TimeSinceStart : 1777.1393389701843
Training Loss : 0.4339323937892914
Done logging...




********** Iteration 441000 ************

Training agent...


********** Iteration 442000 ************

Training agent...


********** Iteration 443000 ************

Training agent...


********** Iteration 444000 ************

Training agent...


********** Iteration 445000 ************

Training agent...


********** Iteration 446000 ************

Training agent...


********** Iteration 447000 ************

Training agent...


********** Iteration 448000 ************

Training agent...


********** Iteration 449000 ************

Training agent...


********** Iteration 450000 ************

Training agent...

Beginning logging procedure...
Timestep 450001
mean reward (100 episodes) 88.523148
best mean reward 168.969284
running time 1813.767989
Train_EnvstepsSoFar : 450001
Train_AverageReturn : 88.52314758300781
Train_BestReturn : 168.9692840576172
TimeSinceStart : 1813.7679889202118
Training Loss : 0.1972586214542389
Done logging...




********** Iteration 451000 ************

Training agent...


********** Iteration 452000 ************

Training agent...


********** Iteration 453000 ************

Training agent...


********** Iteration 454000 ************

Training agent...


********** Iteration 455000 ************

Training agent...


********** Iteration 456000 ************

Training agent...


********** Iteration 457000 ************

Training agent...


********** Iteration 458000 ************

Training agent...


********** Iteration 459000 ************

Training agent...


********** Iteration 460000 ************

Training agent...

Beginning logging procedure...
Timestep 460001
mean reward (100 episodes) 73.623978
best mean reward 168.969284
running time 1850.507447
Train_EnvstepsSoFar : 460001
Train_AverageReturn : 73.62397766113281
Train_BestReturn : 168.9692840576172
TimeSinceStart : 1850.5074474811554
Training Loss : 0.7578408718109131
Done logging...




********** Iteration 461000 ************

Training agent...


********** Iteration 462000 ************

Training agent...


********** Iteration 463000 ************

Training agent...


********** Iteration 464000 ************

Training agent...


********** Iteration 465000 ************

Training agent...


********** Iteration 466000 ************

Training agent...


********** Iteration 467000 ************

Training agent...


********** Iteration 468000 ************

Training agent...


********** Iteration 469000 ************

Training agent...


********** Iteration 470000 ************

Training agent...

Beginning logging procedure...
Timestep 470001
mean reward (100 episodes) 81.784058
best mean reward 168.969284
running time 1887.551554
Train_EnvstepsSoFar : 470001
Train_AverageReturn : 81.7840576171875
Train_BestReturn : 168.9692840576172
TimeSinceStart : 1887.551554441452
Training Loss : 0.4305136799812317
Done logging...




********** Iteration 471000 ************

Training agent...


********** Iteration 472000 ************

Training agent...


********** Iteration 473000 ************

Training agent...


********** Iteration 474000 ************

Training agent...


********** Iteration 475000 ************

Training agent...


********** Iteration 476000 ************

Training agent...


********** Iteration 477000 ************

Training agent...


********** Iteration 478000 ************

Training agent...


********** Iteration 479000 ************

Training agent...


********** Iteration 480000 ************

Training agent...

Beginning logging procedure...
Timestep 480001
mean reward (100 episodes) 67.248566
best mean reward 168.969284
running time 1924.130028
Train_EnvstepsSoFar : 480001
Train_AverageReturn : 67.24856567382812
Train_BestReturn : 168.9692840576172
TimeSinceStart : 1924.1300284862518
Training Loss : 0.7358845472335815
Done logging...




********** Iteration 481000 ************

Training agent...


********** Iteration 482000 ************

Training agent...


********** Iteration 483000 ************

Training agent...


********** Iteration 484000 ************

Training agent...


********** Iteration 485000 ************

Training agent...


********** Iteration 486000 ************

Training agent...


********** Iteration 487000 ************

Training agent...


********** Iteration 488000 ************

Training agent...


********** Iteration 489000 ************

Training agent...


********** Iteration 490000 ************

Training agent...

Beginning logging procedure...
Timestep 490001
mean reward (100 episodes) 70.056320
best mean reward 168.969284
running time 1961.285382
/home/harvey/anaconda3/envs/cs285/lib/python3.7/site-packages/gym/envs/registration.py:441: UserWarning: [33mWARN: The `registry.env_specs` property along with `EnvSpecTree` is deprecated. Please use `registry` directly as a dictionary instead.[0m
  "The `registry.env_specs` property along with `EnvSpecTree` is deprecated. Please use `registry` directly as a dictionary instead."
/home/harvey/anaconda3/envs/cs285/lib/python3.7/site-packages/gym/core.py:318: DeprecationWarning: [33mWARN: Initializing wrapper in old step API which returns one bool instead of two. It is recommended to set `new_step_api=True` to use new step API. This will be the default behaviour in future.[0m
  "Initializing wrapper in old step API which returns one bool instead of two. It is recommended to set `new_step_api=True` to use new step API. This will be the default behaviour in future."
/home/harvey/anaconda3/envs/cs285/lib/python3.7/site-packages/gym/wrappers/step_api_compatibility.py:40: DeprecationWarning: [33mWARN: Initializing environment in old step API which returns one bool instead of two. It is recommended to set `new_step_api=True` to use new step API. This will be the default behaviour in future.[0m
  "Initializing environment in old step API which returns one bool instead of two. It is recommended to set `new_step_api=True` to use new step API. This will be the default behaviour in future."
/home/harvey/anaconda3/envs/cs285/lib/python3.7/site-packages/gym/core.py:257: DeprecationWarning: [33mWARN: Function `env.seed(seed)` is marked as deprecated and will be removed in the future. Please use `env.reset(seed=seed)` instead.[0m
  "Function `env.seed(seed)` is marked as deprecated and will be removed in the future. "
/home/harvey/anaconda3/envs/cs285/lib/python3.7/site-packages/gym/utils/passive_env_checker.py:175: UserWarning: [33mWARN: Future gym versions will require that `Env.reset` can be passed a `seed` instead of using `Env.seed` for resetting the environment random number generator.[0m
  "Future gym versions will require that `Env.reset` can be passed a `seed` instead of using `Env.seed` for resetting the environment random number generator."
/home/harvey/anaconda3/envs/cs285/lib/python3.7/site-packages/gym/utils/passive_env_checker.py:191: UserWarning: [33mWARN: Future gym versions will require that `Env.reset` can be passed `return_info` to return information from the environment resetting.[0m
  "Future gym versions will require that `Env.reset` can be passed `return_info` to return information from the environment resetting."
/home/harvey/anaconda3/envs/cs285/lib/python3.7/site-packages/gym/utils/passive_env_checker.py:196: UserWarning: [33mWARN: Future gym versions will require that `Env.reset` can be passed `options` to allow the environment initialisation to be passed additional information.[0m
  "Future gym versions will require that `Env.reset` can be passed `options` to allow the environment initialisation to be passed additional information."
/home/harvey/anaconda3/envs/cs285/lib/python3.7/site-packages/gym/utils/passive_env_checker.py:142: UserWarning: [33mWARN: The obs returned by the `reset()` method was expecting numpy array dtype to be float32, actual type: float64[0m
  f"{pre} was expecting numpy array dtype to be {observation_space.dtype}, actual type: {obs.dtype}"
/home/harvey/anaconda3/envs/cs285/lib/python3.7/site-packages/gym/utils/passive_env_checker.py:165: UserWarning: [33mWARN: The obs returned by the `reset()` method is not within the observation space.[0m
  logger.warn(f"{pre} is not within the observation space.")
/home/harvey/anaconda3/envs/cs285/lib/python3.7/site-packages/gym/utils/passive_env_checker.py:228: DeprecationWarning: [33mWARN: Core environment is written in old step API which returns one bool instead of two. It is recommended to rewrite the environment with new step API. [0m
  "Core environment is written in old step API which returns one bool instead of two. "
/home/harvey/anaconda3/envs/cs285/lib/python3.7/site-packages/gym/utils/passive_env_checker.py:142: UserWarning: [33mWARN: The obs returned by the `step()` method was expecting numpy array dtype to be float32, actual type: float64[0m
  f"{pre} was expecting numpy array dtype to be {observation_space.dtype}, actual type: {obs.dtype}"
/home/harvey/anaconda3/envs/cs285/lib/python3.7/site-packages/gym/utils/passive_env_checker.py:165: UserWarning: [33mWARN: The obs returned by the `step()` method is not within the observation space.[0m
  logger.warn(f"{pre} is not within the observation space.")
Train_EnvstepsSoFar : 490001
Train_AverageReturn : 70.05632019042969
Train_BestReturn : 168.9692840576172
TimeSinceStart : 1961.2853817939758
Training Loss : 0.2273835837841034
Done logging...




********** Iteration 491000 ************

Training agent...


********** Iteration 492000 ************

Training agent...


********** Iteration 493000 ************

Training agent...


********** Iteration 494000 ************

Training agent...


********** Iteration 495000 ************

Training agent...


********** Iteration 496000 ************

Training agent...


********** Iteration 497000 ************

Training agent...


********** Iteration 498000 ************

Training agent...


********** Iteration 499000 ************

Training agent...
